2026-01-29 00:49:10,436 INFO ✓ Ticker configuration validated: ticker_1=DOGE-USD-SWAP, ticker_2=BRETT-USDT-SWAP, signal_positive=BRETT-USDT-SWAP, signal_negative=DOGE-USD-SWAP
2026-01-29 00:49:11,150 INFO Long entry fee buffer applied: 0.12 -> 0.12 (+0.070%)
2026-01-29 00:49:11,150 INFO Short entry fee buffer applied: 0.12 -> 0.12 (-0.070%)
2026-01-29 00:49:11,396 INFO Long entry fee buffer applied: 0.01 -> 0.01 (+0.070%)
2026-01-29 00:49:11,397 INFO Short entry fee buffer applied: 0.01 -> 0.01 (-0.070%)
2026-01-29 00:49:11,397 INFO Skipping pair DOGE-USD-SWAP/BRETT-USDT-SWAP: settleCcy filter (t1=DOGE t2=USDT allowed=USDT).
2026-01-29 00:49:11,397 WARNING Active pair fails min-capital filter (allocation=1000.00000000). Switching pair.
2026-01-29 00:49:11,399 WARNING 🚨 EMERGENCY OVERRIDE: Health score 0 < 40, bypassing cooldown (1.4h elapsed)
2026-01-29 00:49:11,399 INFO Attempting to switch to next pair (reason=min_capital)...
2026-01-29 00:49:11,545 INFO Per-leg allocation for min-capital filter: 1000.00000000
2026-01-29 00:49:11,545 INFO Reading pairs from C:\Users\jcvia\PyCharmMiscProject\OKXStatBot\Strategy\2_cointegrated_pairs.csv...
2026-01-29 00:49:11,551 INFO Current pair: DOGE-USD-SWAP/BRETT-USDT-SWAP
2026-01-29 00:49:11,584 INFO Found 906 pairs in CSV.
2026-01-29 00:49:11,732 INFO Equity for min-equity filter: 2824.77 USDT
2026-01-29 00:49:11,951 INFO Long entry fee buffer applied: 0.52 -> 0.52 (+0.070%)
2026-01-29 00:49:11,952 INFO Short entry fee buffer applied: 0.52 -> 0.52 (-0.070%)
2026-01-29 00:49:12,203 INFO Long entry fee buffer applied: 0.33 -> 0.33 (+0.070%)
2026-01-29 00:49:12,203 INFO Short entry fee buffer applied: 0.33 -> 0.33 (-0.070%)
2026-01-29 00:49:12,203 INFO Found healthy replacement at index 0: LDO-USDT-SWAP/LQTY-USDT-SWAP
2026-01-29 00:49:12,203 INFO 🔄 Switching from DOGE-USD-SWAP/BRETT-USDT-SWAP to LDO-USDT-SWAP/LQTY-USDT-SWAP
2026-01-29 00:49:12,204 INFO New pair saved to active_pair.json
2026-01-29 00:49:12,205 INFO Restarting process via Subprocess Manager (exit code 3)...
2026-01-29 00:49:14,743 INFO ✓ Ticker configuration validated: ticker_1=LDO-USDT-SWAP, ticker_2=LQTY-USDT-SWAP, signal_positive=LQTY-USDT-SWAP, signal_negative=LDO-USDT-SWAP
2026-01-29 00:49:15,343 INFO Long entry fee buffer applied: 0.52 -> 0.52 (+0.070%)
2026-01-29 00:49:15,344 INFO Short entry fee buffer applied: 0.52 -> 0.52 (-0.070%)
2026-01-29 00:49:15,545 INFO Long entry fee buffer applied: 0.34 -> 0.34 (+0.070%)
2026-01-29 00:49:15,546 INFO Short entry fee buffer applied: 0.34 -> 0.34 (-0.070%)
2026-01-29 00:49:15,643 INFO 📊 Starting equity: 2824.77 USDT
2026-01-29 00:49:16,294 INFO Long entry fee buffer applied: 0.52 -> 0.52 (+0.070%)
2026-01-29 00:49:16,294 INFO Short entry fee buffer applied: 0.52 -> 0.52 (-0.070%)
2026-01-29 00:49:16,499 INFO Long entry fee buffer applied: 0.34 -> 0.34 (+0.070%)
2026-01-29 00:49:16,499 INFO Short entry fee buffer applied: 0.34 -> 0.34 (-0.070%)
2026-01-29 00:49:20,224 INFO get_latest_zscore: fetching klines for LDO-USDT-SWAP and LQTY-USDT-SWAP
2026-01-29 00:49:20,597 INFO get_latest_zscore: fetching mid prices for LDO-USDT-SWAP and LQTY-USDT-SWAP
2026-01-29 00:49:20,902 INFO --- Cycle 1 | LDO-USDT-SWAP/LQTY-USDT-SWAP | Uptime: 9s | 🟢 PnL: +0.00 USDT (+0.00%) | Equity: 2824.77 USDT | 🟢 Session: +0.00 USDT (+0.00%) ---
2026-01-29 00:49:20,903 INFO Current Z-Score: -1.17 - ⏳ Waiting (1.0 < |Z| < 2.0)
2026-01-29 00:49:20,905 INFO ⏳ WAITING: Not at entry threshold yet
2026-01-29 00:49:24,100 INFO get_latest_zscore: fetching klines for LDO-USDT-SWAP and LQTY-USDT-SWAP
2026-01-29 00:49:24,476 INFO get_latest_zscore: fetching mid prices for LDO-USDT-SWAP and LQTY-USDT-SWAP
2026-01-29 00:49:24,799 INFO --- Cycle 2 | LDO-USDT-SWAP/LQTY-USDT-SWAP | Uptime: 12s | 🟢 PnL: +0.00 USDT (+0.00%) | Equity: 2824.77 USDT | 🟢 Session: +0.00 USDT (+0.00%) ---
2026-01-29 00:49:24,799 INFO Current Z-Score: -0.36 - 😴 Very quiet (|Z| < 1.0)
2026-01-29 00:49:24,802 INFO ⏳ WAITING: Not at entry threshold yet
2026-01-29 00:49:27,999 INFO get_latest_zscore: fetching klines for LDO-USDT-SWAP and LQTY-USDT-SWAP
2026-01-29 00:49:28,380 INFO get_latest_zscore: fetching mid prices for LDO-USDT-SWAP and LQTY-USDT-SWAP
2026-01-29 00:49:28,702 INFO --- Cycle 3 | LDO-USDT-SWAP/LQTY-USDT-SWAP | Uptime: 16s | 🟢 PnL: +0.00 USDT (+0.00%) | Equity: 2824.77 USDT | 🟢 Session: +0.00 USDT (+0.00%) ---
2026-01-29 00:49:28,703 INFO Current Z-Score: -0.83 - 😴 Very quiet (|Z| < 1.0)
2026-01-29 00:49:28,704 INFO ⏳ WAITING: Not at entry threshold yet
2026-01-29 00:49:31,909 INFO get_latest_zscore: fetching klines for LDO-USDT-SWAP and LQTY-USDT-SWAP
2026-01-29 00:49:32,294 INFO get_latest_zscore: fetching mid prices for LDO-USDT-SWAP and LQTY-USDT-SWAP
2026-01-29 00:49:32,679 INFO --- Cycle 4 | LDO-USDT-SWAP/LQTY-USDT-SWAP | Uptime: 20s | 🟢 PnL: +0.00 USDT (+0.00%) | Equity: 2824.77 USDT | 🟢 Session: +0.00 USDT (+0.00%) ---
2026-01-29 00:49:32,679 INFO Current Z-Score: -0.93 - 😴 Very quiet (|Z| < 1.0)
2026-01-29 00:49:32,681 INFO ⏳ WAITING: Not at entry threshold yet
2026-01-29 00:49:35,888 INFO get_latest_zscore: fetching klines for LDO-USDT-SWAP and LQTY-USDT-SWAP
2026-01-29 00:49:36,261 INFO get_latest_zscore: fetching mid prices for LDO-USDT-SWAP and LQTY-USDT-SWAP
2026-01-29 00:49:36,606 INFO --- Cycle 5 | LDO-USDT-SWAP/LQTY-USDT-SWAP | Uptime: 24s | 🟢 PnL: +0.00 USDT (+0.00%) | Equity: 2824.77 USDT | 🟢 Session: +0.00 USDT (+0.00%) ---
2026-01-29 00:49:36,607 INFO Current Z-Score: -1.88 - ⏳ Waiting (1.0 < |Z| < 2.0)
2026-01-29 00:49:36,608 INFO ⏳ WAITING: Not at entry threshold yet
2026-01-29 00:49:39,800 INFO get_latest_zscore: fetching klines for LDO-USDT-SWAP and LQTY-USDT-SWAP
2026-01-29 00:49:40,180 INFO get_latest_zscore: fetching mid prices for LDO-USDT-SWAP and LQTY-USDT-SWAP
2026-01-29 00:49:40,518 INFO --- Cycle 6 | LDO-USDT-SWAP/LQTY-USDT-SWAP | Uptime: 28s | 🟢 PnL: +0.00 USDT (+0.00%) | Equity: 2824.77 USDT | 🟢 Session: +0.00 USDT (+0.00%) ---
2026-01-29 00:49:40,519 INFO Current Z-Score: -1.03 - ⏳ Waiting (1.0 < |Z| < 2.0)
2026-01-29 00:49:40,521 INFO ⏳ WAITING: Not at entry threshold yet
2026-01-29 00:49:43,711 INFO get_latest_zscore: fetching klines for LDO-USDT-SWAP and LQTY-USDT-SWAP
2026-01-29 00:49:44,096 INFO get_latest_zscore: fetching mid prices for LDO-USDT-SWAP and LQTY-USDT-SWAP
2026-01-29 00:49:44,453 INFO --- Cycle 7 | LDO-USDT-SWAP/LQTY-USDT-SWAP | Uptime: 32s | 🟢 PnL: +0.00 USDT (+0.00%) | Equity: 2824.77 USDT | 🟢 Session: +0.00 USDT (+0.00%) ---
2026-01-29 00:49:44,454 INFO Current Z-Score: +0.68 - 😴 Very quiet (|Z| < 1.0)
2026-01-29 00:49:44,456 INFO ⏳ WAITING: Not at entry threshold yet
2026-01-29 00:49:47,657 INFO get_latest_zscore: fetching klines for LDO-USDT-SWAP and LQTY-USDT-SWAP
2026-01-29 00:49:48,032 INFO get_latest_zscore: fetching mid prices for LDO-USDT-SWAP and LQTY-USDT-SWAP
2026-01-29 00:49:48,353 INFO --- Cycle 8 | LDO-USDT-SWAP/LQTY-USDT-SWAP | Uptime: 36s | 🟢 PnL: +0.00 USDT (+0.00%) | Equity: 2824.77 USDT | 🟢 Session: +0.00 USDT (+0.00%) ---
2026-01-29 00:49:48,354 INFO Current Z-Score: -0.45 - 😴 Very quiet (|Z| < 1.0)
2026-01-29 00:49:48,356 INFO ⏳ WAITING: Not at entry threshold yet
2026-01-29 00:49:51,556 INFO get_latest_zscore: fetching klines for LDO-USDT-SWAP and LQTY-USDT-SWAP
2026-01-29 00:49:51,943 INFO get_latest_zscore: fetching mid prices for LDO-USDT-SWAP and LQTY-USDT-SWAP
2026-01-29 00:49:52,454 INFO --- Cycle 9 | LDO-USDT-SWAP/LQTY-USDT-SWAP | Uptime: 40s | 🟢 PnL: +0.00 USDT (+0.00%) | Equity: 2824.77 USDT | 🟢 Session: +0.00 USDT (+0.00%) ---
2026-01-29 00:49:52,454 INFO Current Z-Score: -0.39 - 😴 Very quiet (|Z| < 1.0)
2026-01-29 00:49:52,457 INFO ⏳ WAITING: Not at entry threshold yet
2026-01-29 00:49:55,657 INFO get_latest_zscore: fetching klines for LDO-USDT-SWAP and LQTY-USDT-SWAP
2026-01-29 00:49:56,038 INFO get_latest_zscore: fetching mid prices for LDO-USDT-SWAP and LQTY-USDT-SWAP
2026-01-29 00:49:56,359 INFO --- Cycle 10 | LDO-USDT-SWAP/LQTY-USDT-SWAP | Uptime: 44s | 🟢 PnL: +0.00 USDT (+0.00%) | Equity: 2824.77 USDT | 🟢 Session: +0.00 USDT (+0.00%) ---
2026-01-29 00:49:56,359 INFO Current Z-Score: -0.93 - 😴 Very quiet (|Z| < 1.0)
2026-01-29 00:49:56,362 INFO ⏳ WAITING: Not at entry threshold yet
2026-01-29 00:49:59,559 INFO get_latest_zscore: fetching klines for LDO-USDT-SWAP and LQTY-USDT-SWAP
2026-01-29 00:49:59,934 INFO get_latest_zscore: fetching mid prices for LDO-USDT-SWAP and LQTY-USDT-SWAP
2026-01-29 00:50:00,255 INFO --- Cycle 11 | LDO-USDT-SWAP/LQTY-USDT-SWAP | Uptime: 48s | 🟢 PnL: +0.00 USDT (+0.00%) | Equity: 2824.77 USDT | 🟢 Session: +0.00 USDT (+0.00%) ---
2026-01-29 00:50:00,256 INFO Current Z-Score: -1.45 - ⏳ Waiting (1.0 < |Z| < 2.0)
2026-01-29 00:50:00,258 INFO ⏳ WAITING: Not at entry threshold yet
2026-01-29 00:50:03,457 INFO get_latest_zscore: fetching klines for LDO-USDT-SWAP and LQTY-USDT-SWAP
2026-01-29 00:50:03,828 INFO get_latest_zscore: fetching mid prices for LDO-USDT-SWAP and LQTY-USDT-SWAP
2026-01-29 00:50:04,158 INFO --- Cycle 12 | LDO-USDT-SWAP/LQTY-USDT-SWAP | Uptime: 52s | 🟢 PnL: +0.00 USDT (+0.00%) | Equity: 2824.77 USDT | 🟢 Session: +0.00 USDT (+0.00%) ---
2026-01-29 00:50:04,159 INFO Current Z-Score: -0.12 - 😴 Very quiet (|Z| < 1.0)
2026-01-29 00:50:04,161 INFO ⏳ WAITING: Not at entry threshold yet
2026-01-29 00:50:07,356 INFO get_latest_zscore: fetching klines for LDO-USDT-SWAP and LQTY-USDT-SWAP
2026-01-29 00:50:07,740 INFO get_latest_zscore: fetching mid prices for LDO-USDT-SWAP and LQTY-USDT-SWAP
2026-01-29 00:50:08,053 INFO --- Cycle 13 | LDO-USDT-SWAP/LQTY-USDT-SWAP | Uptime: 56s | 🟢 PnL: +0.00 USDT (+0.00%) | Equity: 2824.77 USDT | 🟢 Session: +0.00 USDT (+0.00%) ---
2026-01-29 00:50:08,054 INFO Current Z-Score: +0.76 - 😴 Very quiet (|Z| < 1.0)
2026-01-29 00:50:08,056 INFO ⏳ WAITING: Not at entry threshold yet
2026-01-29 00:50:11,250 INFO get_latest_zscore: fetching klines for LDO-USDT-SWAP and LQTY-USDT-SWAP
2026-01-29 00:50:11,624 INFO get_latest_zscore: fetching mid prices for LDO-USDT-SWAP and LQTY-USDT-SWAP
2026-01-29 00:50:11,954 INFO --- Cycle 14 | LDO-USDT-SWAP/LQTY-USDT-SWAP | Uptime: 1m 0s | 🟢 PnL: +0.00 USDT (+0.00%) | Equity: 2824.77 USDT | 🟢 Session: +0.00 USDT (+0.00%) ---
2026-01-29 00:50:11,954 INFO Current Z-Score: -1.03 - ⏳ Waiting (1.0 < |Z| < 2.0)
2026-01-29 00:50:11,957 INFO ⏳ WAITING: Not at entry threshold yet
2026-01-29 00:50:15,148 INFO get_latest_zscore: fetching klines for LDO-USDT-SWAP and LQTY-USDT-SWAP
2026-01-29 00:50:15,535 INFO get_latest_zscore: fetching mid prices for LDO-USDT-SWAP and LQTY-USDT-SWAP
2026-01-29 00:50:15,847 INFO --- Cycle 15 | LDO-USDT-SWAP/LQTY-USDT-SWAP | Uptime: 1m 3s | 🟢 PnL: +0.00 USDT (+0.00%) | Equity: 2824.77 USDT | 🟢 Session: +0.00 USDT (+0.00%) ---
2026-01-29 00:50:15,848 INFO Current Z-Score: -0.26 - 😴 Very quiet (|Z| < 1.0)
2026-01-29 00:50:15,850 INFO ⏳ WAITING: Not at entry threshold yet
2026-01-29 00:50:19,054 INFO get_latest_zscore: fetching klines for LDO-USDT-SWAP and LQTY-USDT-SWAP
2026-01-29 00:50:19,441 INFO get_latest_zscore: fetching mid prices for LDO-USDT-SWAP and LQTY-USDT-SWAP
2026-01-29 00:50:19,748 INFO --- Cycle 16 | LDO-USDT-SWAP/LQTY-USDT-SWAP | Uptime: 1m 7s | 🟢 PnL: +0.00 USDT (+0.00%) | Equity: 2824.77 USDT | 🟢 Session: +0.00 USDT (+0.00%) ---
2026-01-29 00:50:19,749 INFO --- Trading Status Update ---
2026-01-29 00:50:19,749 INFO Uptime: 1m 7s
2026-01-29 00:50:19,749 INFO Time in pair: 1.0 min
2026-01-29 00:50:19,749 INFO Signals seen: 0 | Trades: 0
2026-01-29 00:50:19,750 INFO Current Z-Score: +0.05 - 😴 Very quiet (|Z| < 1.0)
2026-01-29 00:50:19,752 INFO ⏳ WAITING: Not at entry threshold yet
2026-01-29 00:50:22,952 INFO get_latest_zscore: fetching klines for LDO-USDT-SWAP and LQTY-USDT-SWAP
2026-01-29 00:50:23,326 INFO get_latest_zscore: fetching mid prices for LDO-USDT-SWAP and LQTY-USDT-SWAP
2026-01-29 00:50:23,653 INFO --- Cycle 17 | LDO-USDT-SWAP/LQTY-USDT-SWAP | Uptime: 1m 11s | 🟢 PnL: +0.00 USDT (+0.00%) | Equity: 2824.77 USDT | 🟢 Session: +0.00 USDT (+0.00%) ---
2026-01-29 00:50:23,653 INFO Current Z-Score: +0.77 - 😴 Very quiet (|Z| < 1.0)
2026-01-29 00:50:23,655 INFO ⏳ WAITING: Not at entry threshold yet
2026-01-29 00:50:26,850 INFO get_latest_zscore: fetching klines for LDO-USDT-SWAP and LQTY-USDT-SWAP
2026-01-29 00:50:27,230 INFO get_latest_zscore: fetching mid prices for LDO-USDT-SWAP and LQTY-USDT-SWAP
2026-01-29 00:50:27,549 INFO --- Cycle 18 | LDO-USDT-SWAP/LQTY-USDT-SWAP | Uptime: 1m 15s | 🟢 PnL: +0.00 USDT (+0.00%) | Equity: 2824.77 USDT | 🟢 Session: +0.00 USDT (+0.00%) ---
2026-01-29 00:50:27,549 INFO Current Z-Score: -0.33 - 😴 Very quiet (|Z| < 1.0)
2026-01-29 00:50:27,551 INFO ⏳ WAITING: Not at entry threshold yet
2026-01-29 00:50:30,744 INFO get_latest_zscore: fetching klines for LDO-USDT-SWAP and LQTY-USDT-SWAP
2026-01-29 00:50:31,119 INFO get_latest_zscore: fetching mid prices for LDO-USDT-SWAP and LQTY-USDT-SWAP
2026-01-29 00:50:31,451 INFO --- Cycle 19 | LDO-USDT-SWAP/LQTY-USDT-SWAP | Uptime: 1m 19s | 🟢 PnL: +0.00 USDT (+0.00%) | Equity: 2824.77 USDT | 🟢 Session: +0.00 USDT (+0.00%) ---
2026-01-29 00:50:31,452 INFO Current Z-Score: -0.02 - 😴 Very quiet (|Z| < 1.0)
2026-01-29 00:50:31,455 INFO ⏳ WAITING: Not at entry threshold yet
2026-01-29 00:50:34,654 INFO get_latest_zscore: fetching klines for LDO-USDT-SWAP and LQTY-USDT-SWAP
2026-01-29 00:50:35,031 INFO get_latest_zscore: fetching mid prices for LDO-USDT-SWAP and LQTY-USDT-SWAP
2026-01-29 00:50:35,400 INFO --- Cycle 20 | LDO-USDT-SWAP/LQTY-USDT-SWAP | Uptime: 1m 23s | 🟢 PnL: +0.00 USDT (+0.00%) | Equity: 2824.77 USDT | 🟢 Session: +0.00 USDT (+0.00%) ---
2026-01-29 00:50:35,401 INFO Current Z-Score: -1.12 - ⏳ Waiting (1.0 < |Z| < 2.0)
2026-01-29 00:50:35,403 INFO ⏳ WAITING: Not at entry threshold yet
2026-01-29 00:50:38,609 INFO get_latest_zscore: fetching klines for LDO-USDT-SWAP and LQTY-USDT-SWAP
2026-01-29 00:50:38,988 INFO get_latest_zscore: fetching mid prices for LDO-USDT-SWAP and LQTY-USDT-SWAP
2026-01-29 00:50:39,301 INFO --- Cycle 21 | LDO-USDT-SWAP/LQTY-USDT-SWAP | Uptime: 1m 27s | 🟢 PnL: +0.00 USDT (+0.00%) | Equity: 2824.77 USDT | 🟢 Session: +0.00 USDT (+0.00%) ---
2026-01-29 00:50:39,303 INFO Current Z-Score: -1.11 - ⏳ Waiting (1.0 < |Z| < 2.0)
2026-01-29 00:50:39,305 INFO ⏳ WAITING: Not at entry threshold yet
2026-01-29 00:50:42,506 INFO get_latest_zscore: fetching klines for LDO-USDT-SWAP and LQTY-USDT-SWAP
2026-01-29 00:50:42,882 INFO get_latest_zscore: fetching mid prices for LDO-USDT-SWAP and LQTY-USDT-SWAP
2026-01-29 00:50:43,197 INFO --- Cycle 22 | LDO-USDT-SWAP/LQTY-USDT-SWAP | Uptime: 1m 31s | 🟢 PnL: +0.00 USDT (+0.00%) | Equity: 2824.77 USDT | 🟢 Session: +0.00 USDT (+0.00%) ---
2026-01-29 00:50:43,198 INFO Current Z-Score: -0.37 - 😴 Very quiet (|Z| < 1.0)
2026-01-29 00:50:43,199 INFO ⏳ WAITING: Not at entry threshold yet
2026-01-29 00:50:46,390 INFO get_latest_zscore: fetching klines for LDO-USDT-SWAP and LQTY-USDT-SWAP
2026-01-29 00:50:46,765 INFO get_latest_zscore: fetching mid prices for LDO-USDT-SWAP and LQTY-USDT-SWAP
2026-01-29 00:50:47,106 INFO --- Cycle 23 | LDO-USDT-SWAP/LQTY-USDT-SWAP | Uptime: 1m 35s | 🟢 PnL: +0.00 USDT (+0.00%) | Equity: 2824.77 USDT | 🟢 Session: +0.00 USDT (+0.00%) ---
2026-01-29 00:50:47,107 INFO Current Z-Score: -0.02 - 😴 Very quiet (|Z| < 1.0)
2026-01-29 00:50:47,108 INFO ⏳ WAITING: Not at entry threshold yet
2026-01-29 00:50:50,309 INFO get_latest_zscore: fetching klines for LDO-USDT-SWAP and LQTY-USDT-SWAP
2026-01-29 00:50:50,682 INFO get_latest_zscore: fetching mid prices for LDO-USDT-SWAP and LQTY-USDT-SWAP
2026-01-29 00:50:51,002 INFO --- Cycle 24 | LDO-USDT-SWAP/LQTY-USDT-SWAP | Uptime: 1m 39s | 🟢 PnL: +0.00 USDT (+0.00%) | Equity: 2824.77 USDT | 🟢 Session: +0.00 USDT (+0.00%) ---
2026-01-29 00:50:51,003 INFO Current Z-Score: -0.95 - 😴 Very quiet (|Z| < 1.0)
2026-01-29 00:50:51,005 INFO ⏳ WAITING: Not at entry threshold yet
2026-01-29 00:50:54,194 INFO get_latest_zscore: fetching klines for LDO-USDT-SWAP and LQTY-USDT-SWAP
2026-01-29 00:50:54,572 INFO get_latest_zscore: fetching mid prices for LDO-USDT-SWAP and LQTY-USDT-SWAP
2026-01-29 00:50:54,901 INFO --- Cycle 25 | LDO-USDT-SWAP/LQTY-USDT-SWAP | Uptime: 1m 42s | 🟢 PnL: +0.00 USDT (+0.00%) | Equity: 2824.77 USDT | 🟢 Session: +0.00 USDT (+0.00%) ---
2026-01-29 00:50:54,902 INFO Current Z-Score: +0.07 - 😴 Very quiet (|Z| < 1.0)
2026-01-29 00:50:54,904 INFO ⏳ WAITING: Not at entry threshold yet
2026-01-29 00:50:58,099 INFO get_latest_zscore: fetching klines for LDO-USDT-SWAP and LQTY-USDT-SWAP
2026-01-29 00:50:58,476 INFO get_latest_zscore: fetching mid prices for LDO-USDT-SWAP and LQTY-USDT-SWAP
2026-01-29 00:50:58,803 INFO --- Cycle 26 | LDO-USDT-SWAP/LQTY-USDT-SWAP | Uptime: 1m 46s | 🟢 PnL: +0.00 USDT (+0.00%) | Equity: 2824.77 USDT | 🟢 Session: +0.00 USDT (+0.00%) ---
2026-01-29 00:50:58,804 INFO Current Z-Score: +0.83 - 😴 Very quiet (|Z| < 1.0)
2026-01-29 00:50:58,806 INFO ⏳ WAITING: Not at entry threshold yet
2026-01-29 00:51:01,999 INFO get_latest_zscore: fetching klines for LDO-USDT-SWAP and LQTY-USDT-SWAP
2026-01-29 00:51:02,376 INFO get_latest_zscore: fetching mid prices for LDO-USDT-SWAP and LQTY-USDT-SWAP
2026-01-29 00:51:02,706 INFO --- Cycle 27 | LDO-USDT-SWAP/LQTY-USDT-SWAP | Uptime: 1m 50s | 🟢 PnL: +0.00 USDT (+0.00%) | Equity: 2824.77 USDT | 🟢 Session: +0.00 USDT (+0.00%) ---
2026-01-29 00:51:02,707 INFO Current Z-Score: -0.15 - 😴 Very quiet (|Z| < 1.0)
2026-01-29 00:51:02,709 INFO ⏳ WAITING: Not at entry threshold yet
2026-01-29 00:51:05,911 INFO get_latest_zscore: fetching klines for LDO-USDT-SWAP and LQTY-USDT-SWAP
2026-01-29 00:51:06,290 INFO get_latest_zscore: fetching mid prices for LDO-USDT-SWAP and LQTY-USDT-SWAP
2026-01-29 00:51:06,600 INFO --- Cycle 28 | LDO-USDT-SWAP/LQTY-USDT-SWAP | Uptime: 1m 54s | 🟢 PnL: +0.00 USDT (+0.00%) | Equity: 2824.77 USDT | 🟢 Session: +0.00 USDT (+0.00%) ---
2026-01-29 00:51:06,601 INFO Current Z-Score: -0.12 - 😴 Very quiet (|Z| < 1.0)
2026-01-29 00:51:06,603 INFO ⏳ WAITING: Not at entry threshold yet
2026-01-29 00:51:09,799 INFO get_latest_zscore: fetching klines for LDO-USDT-SWAP and LQTY-USDT-SWAP
2026-01-29 00:51:10,171 INFO get_latest_zscore: fetching mid prices for LDO-USDT-SWAP and LQTY-USDT-SWAP
2026-01-29 00:51:10,501 INFO --- Cycle 29 | LDO-USDT-SWAP/LQTY-USDT-SWAP | Uptime: 1m 58s | 🟢 PnL: +0.00 USDT (+0.00%) | Equity: 2824.77 USDT | 🟢 Session: +0.00 USDT (+0.00%) ---
2026-01-29 00:51:10,501 INFO Current Z-Score: -0.93 - 😴 Very quiet (|Z| < 1.0)
2026-01-29 00:51:10,504 INFO ⏳ WAITING: Not at entry threshold yet
2026-01-29 00:51:13,705 INFO get_latest_zscore: fetching klines for LDO-USDT-SWAP and LQTY-USDT-SWAP
2026-01-29 00:51:14,083 INFO get_latest_zscore: fetching mid prices for LDO-USDT-SWAP and LQTY-USDT-SWAP
2026-01-29 00:51:14,404 INFO --- Cycle 30 | LDO-USDT-SWAP/LQTY-USDT-SWAP | Uptime: 2m 2s | 🟢 PnL: +0.00 USDT (+0.00%) | Equity: 2824.77 USDT | 🟢 Session: +0.00 USDT (+0.00%) ---
2026-01-29 00:51:14,405 INFO Current Z-Score: -0.94 - 😴 Very quiet (|Z| < 1.0)
2026-01-29 00:51:14,407 INFO ⏳ WAITING: Not at entry threshold yet
2026-01-29 00:51:17,603 INFO get_latest_zscore: fetching klines for LDO-USDT-SWAP and LQTY-USDT-SWAP
2026-01-29 00:51:17,998 INFO get_latest_zscore: fetching mid prices for LDO-USDT-SWAP and LQTY-USDT-SWAP
2026-01-29 00:51:18,348 INFO --- Cycle 31 | LDO-USDT-SWAP/LQTY-USDT-SWAP | Uptime: 2m 6s | 🟢 PnL: +0.00 USDT (+0.00%) | Equity: 2824.77 USDT | 🟢 Session: +0.00 USDT (+0.00%) ---
2026-01-29 00:51:18,349 INFO Current Z-Score: -1.80 - ⏳ Waiting (1.0 < |Z| < 2.0)
2026-01-29 00:51:18,350 INFO ⏳ WAITING: Not at entry threshold yet
2026-01-29 00:51:21,556 INFO get_latest_zscore: fetching klines for LDO-USDT-SWAP and LQTY-USDT-SWAP
2026-01-29 00:51:21,938 INFO get_latest_zscore: fetching mid prices for LDO-USDT-SWAP and LQTY-USDT-SWAP
2026-01-29 00:51:22,256 INFO --- Cycle 32 | LDO-USDT-SWAP/LQTY-USDT-SWAP | Uptime: 2m 10s | 🟢 PnL: +0.00 USDT (+0.00%) | Equity: 2824.77 USDT | 🟢 Session: +0.00 USDT (+0.00%) ---
2026-01-29 00:51:22,256 INFO --- Trading Status Update ---
2026-01-29 00:51:22,256 INFO Uptime: 2m 10s
2026-01-29 00:51:22,256 INFO Time in pair: 2.0 min
2026-01-29 00:51:22,256 INFO Signals seen: 0 | Trades: 0
2026-01-29 00:51:22,257 INFO Current Z-Score: -1.63 - ⏳ Waiting (1.0 < |Z| < 2.0)
2026-01-29 00:51:22,259 INFO ⏳ WAITING: Not at entry threshold yet
2026-01-29 00:51:25,459 INFO get_latest_zscore: fetching klines for LDO-USDT-SWAP and LQTY-USDT-SWAP
2026-01-29 00:51:25,834 INFO get_latest_zscore: fetching mid prices for LDO-USDT-SWAP and LQTY-USDT-SWAP
2026-01-29 00:51:26,150 INFO --- Cycle 33 | LDO-USDT-SWAP/LQTY-USDT-SWAP | Uptime: 2m 14s | 🟢 PnL: +0.00 USDT (+0.00%) | Equity: 2824.77 USDT | 🟢 Session: +0.00 USDT (+0.00%) ---
2026-01-29 00:51:26,151 INFO Current Z-Score: -2.10 - 🎯 TRADEABLE (|Z| > 2.0)
2026-01-29 00:51:26,153 INFO ⏳ WAITING: Z-score extreme (-2.10) but not persistent yet
2026-01-29 00:51:29,351 INFO get_latest_zscore: fetching klines for LDO-USDT-SWAP and LQTY-USDT-SWAP
2026-01-29 00:51:29,725 INFO get_latest_zscore: fetching mid prices for LDO-USDT-SWAP and LQTY-USDT-SWAP
2026-01-29 00:51:30,055 INFO --- Cycle 34 | LDO-USDT-SWAP/LQTY-USDT-SWAP | Uptime: 2m 18s | 🟢 PnL: +0.00 USDT (+0.00%) | Equity: 2824.77 USDT | 🟢 Session: +0.00 USDT (+0.00%) ---
2026-01-29 00:51:30,056 INFO Current Z-Score: -0.32 - 😴 Very quiet (|Z| < 1.0)
2026-01-29 00:51:30,058 INFO ⏳ WAITING: Not at entry threshold yet
2026-01-29 00:51:33,253 INFO get_latest_zscore: fetching klines for LDO-USDT-SWAP and LQTY-USDT-SWAP
2026-01-29 00:51:33,636 INFO get_latest_zscore: fetching mid prices for LDO-USDT-SWAP and LQTY-USDT-SWAP
2026-01-29 00:51:33,953 INFO --- Cycle 35 | LDO-USDT-SWAP/LQTY-USDT-SWAP | Uptime: 2m 22s | 🟢 PnL: +0.00 USDT (+0.00%) | Equity: 2824.77 USDT | 🟢 Session: +0.00 USDT (+0.00%) ---
2026-01-29 00:51:33,953 INFO Current Z-Score: +0.06 - 😴 Very quiet (|Z| < 1.0)
2026-01-29 00:51:33,955 INFO ⏳ WAITING: Not at entry threshold yet
2026-01-29 00:51:37,151 INFO get_latest_zscore: fetching klines for LDO-USDT-SWAP and LQTY-USDT-SWAP
2026-01-29 00:51:37,529 INFO get_latest_zscore: fetching mid prices for LDO-USDT-SWAP and LQTY-USDT-SWAP
2026-01-29 00:51:37,850 INFO --- Cycle 36 | LDO-USDT-SWAP/LQTY-USDT-SWAP | Uptime: 2m 25s | 🟢 PnL: +0.00 USDT (+0.00%) | Equity: 2824.77 USDT | 🟢 Session: +0.00 USDT (+0.00%) ---
2026-01-29 00:51:37,850 INFO Current Z-Score: +0.84 - 😴 Very quiet (|Z| < 1.0)
2026-01-29 00:51:37,852 INFO ⏳ WAITING: Not at entry threshold yet
2026-01-29 00:51:41,058 INFO get_latest_zscore: fetching klines for LDO-USDT-SWAP and LQTY-USDT-SWAP
2026-01-29 00:51:41,433 INFO get_latest_zscore: fetching mid prices for LDO-USDT-SWAP and LQTY-USDT-SWAP
2026-01-29 00:51:41,753 INFO --- Cycle 37 | LDO-USDT-SWAP/LQTY-USDT-SWAP | Uptime: 2m 29s | 🟢 PnL: +0.00 USDT (+0.00%) | Equity: 2824.77 USDT | 🟢 Session: +0.00 USDT (+0.00%) ---
2026-01-29 00:51:41,754 INFO Current Z-Score: -1.01 - ⏳ Waiting (1.0 < |Z| < 2.0)
2026-01-29 00:51:41,756 INFO ⏳ WAITING: Not at entry threshold yet
2026-01-29 00:51:44,951 INFO get_latest_zscore: fetching klines for LDO-USDT-SWAP and LQTY-USDT-SWAP
2026-01-29 00:51:45,327 INFO get_latest_zscore: fetching mid prices for LDO-USDT-SWAP and LQTY-USDT-SWAP
2026-01-29 00:51:45,651 INFO --- Cycle 38 | LDO-USDT-SWAP/LQTY-USDT-SWAP | Uptime: 2m 33s | 🟢 PnL: +0.00 USDT (+0.00%) | Equity: 2824.77 USDT | 🟢 Session: +0.00 USDT (+0.00%) ---
2026-01-29 00:51:45,651 INFO Current Z-Score: +0.03 - 😴 Very quiet (|Z| < 1.0)
2026-01-29 00:51:45,653 INFO ⏳ WAITING: Not at entry threshold yet
2026-01-29 00:51:48,856 INFO get_latest_zscore: fetching klines for LDO-USDT-SWAP and LQTY-USDT-SWAP
2026-01-29 00:51:49,237 INFO get_latest_zscore: fetching mid prices for LDO-USDT-SWAP and LQTY-USDT-SWAP
2026-01-29 00:51:49,553 INFO --- Cycle 39 | LDO-USDT-SWAP/LQTY-USDT-SWAP | Uptime: 2m 37s | 🟢 PnL: +0.00 USDT (+0.00%) | Equity: 2824.77 USDT | 🟢 Session: +0.00 USDT (+0.00%) ---
2026-01-29 00:51:49,553 INFO Current Z-Score: +1.26 - ⏳ Waiting (1.0 < |Z| < 2.0)
2026-01-29 00:51:49,556 INFO ⏳ WAITING: Not at entry threshold yet
2026-01-29 00:51:52,754 INFO get_latest_zscore: fetching klines for LDO-USDT-SWAP and LQTY-USDT-SWAP
2026-01-29 00:51:53,130 INFO get_latest_zscore: fetching mid prices for LDO-USDT-SWAP and LQTY-USDT-SWAP
2026-01-29 00:51:53,446 INFO --- Cycle 40 | LDO-USDT-SWAP/LQTY-USDT-SWAP | Uptime: 2m 41s | 🟢 PnL: +0.00 USDT (+0.00%) | Equity: 2824.77 USDT | 🟢 Session: +0.00 USDT (+0.00%) ---
2026-01-29 00:51:53,446 INFO Current Z-Score: -0.27 - 😴 Very quiet (|Z| < 1.0)
2026-01-29 00:51:53,448 INFO ⏳ WAITING: Not at entry threshold yet
2026-01-29 00:51:56,649 INFO get_latest_zscore: fetching klines for LDO-USDT-SWAP and LQTY-USDT-SWAP
2026-01-29 00:51:57,026 INFO get_latest_zscore: fetching mid prices for LDO-USDT-SWAP and LQTY-USDT-SWAP
2026-01-29 00:51:57,352 INFO --- Cycle 41 | LDO-USDT-SWAP/LQTY-USDT-SWAP | Uptime: 2m 45s | 🟢 PnL: +0.00 USDT (+0.00%) | Equity: 2824.77 USDT | 🟢 Session: +0.00 USDT (+0.00%) ---
2026-01-29 00:51:57,353 INFO Current Z-Score: -0.97 - 😴 Very quiet (|Z| < 1.0)
2026-01-29 00:51:57,355 INFO ⏳ WAITING: Not at entry threshold yet
2026-01-29 00:52:00,546 INFO get_latest_zscore: fetching klines for LDO-USDT-SWAP and LQTY-USDT-SWAP
2026-01-29 00:52:00,927 INFO get_latest_zscore: fetching mid prices for LDO-USDT-SWAP and LQTY-USDT-SWAP
2026-01-29 00:52:01,248 INFO --- Cycle 42 | LDO-USDT-SWAP/LQTY-USDT-SWAP | Uptime: 2m 49s | 🟢 PnL: +0.00 USDT (+0.00%) | Equity: 2824.77 USDT | 🟢 Session: +0.00 USDT (+0.00%) ---
2026-01-29 00:52:01,249 INFO Current Z-Score: +0.40 - 😴 Very quiet (|Z| < 1.0)
2026-01-29 00:52:01,251 INFO ⏳ WAITING: Not at entry threshold yet
2026-01-29 00:52:04,457 INFO get_latest_zscore: fetching klines for LDO-USDT-SWAP and LQTY-USDT-SWAP
2026-01-29 00:52:04,885 INFO get_latest_zscore: fetching mid prices for LDO-USDT-SWAP and LQTY-USDT-SWAP
2026-01-29 00:52:05,205 INFO --- Cycle 43 | LDO-USDT-SWAP/LQTY-USDT-SWAP | Uptime: 2m 53s | 🟢 PnL: +0.00 USDT (+0.00%) | Equity: 2824.77 USDT | 🟢 Session: +0.00 USDT (+0.00%) ---
2026-01-29 00:52:05,206 INFO Current Z-Score: -0.84 - 😴 Very quiet (|Z| < 1.0)
2026-01-29 00:52:05,208 INFO ⏳ WAITING: Not at entry threshold yet
2026-01-29 00:52:08,403 INFO get_latest_zscore: fetching klines for LDO-USDT-SWAP and LQTY-USDT-SWAP
2026-01-29 00:52:08,780 INFO get_latest_zscore: fetching mid prices for LDO-USDT-SWAP and LQTY-USDT-SWAP
2026-01-29 00:52:09,108 INFO --- Cycle 44 | LDO-USDT-SWAP/LQTY-USDT-SWAP | Uptime: 2m 57s | 🟢 PnL: +0.00 USDT (+0.00%) | Equity: 2824.77 USDT | 🟢 Session: +0.00 USDT (+0.00%) ---
2026-01-29 00:52:09,109 INFO Current Z-Score: +0.20 - 😴 Very quiet (|Z| < 1.0)
2026-01-29 00:52:09,110 INFO ⏳ WAITING: Not at entry threshold yet
2026-01-29 00:52:12,304 INFO get_latest_zscore: fetching klines for LDO-USDT-SWAP and LQTY-USDT-SWAP
2026-01-29 00:52:12,678 INFO get_latest_zscore: fetching mid prices for LDO-USDT-SWAP and LQTY-USDT-SWAP
2026-01-29 00:52:12,998 INFO --- Cycle 45 | LDO-USDT-SWAP/LQTY-USDT-SWAP | Uptime: 3m 1s | 🟢 PnL: +0.00 USDT (+0.00%) | Equity: 2824.77 USDT | 🟢 Session: +0.00 USDT (+0.00%) ---
2026-01-29 00:52:12,999 INFO Current Z-Score: +0.82 - 😴 Very quiet (|Z| < 1.0)
2026-01-29 00:52:13,001 INFO ⏳ WAITING: Not at entry threshold yet
2026-01-29 00:52:16,189 INFO get_latest_zscore: fetching klines for LDO-USDT-SWAP and LQTY-USDT-SWAP
2026-01-29 00:52:16,578 INFO get_latest_zscore: fetching mid prices for LDO-USDT-SWAP and LQTY-USDT-SWAP
2026-01-29 00:52:16,905 INFO --- Cycle 46 | LDO-USDT-SWAP/LQTY-USDT-SWAP | Uptime: 3m 4s | 🟢 PnL: +0.00 USDT (+0.00%) | Equity: 2824.77 USDT | 🟢 Session: +0.00 USDT (+0.00%) ---
2026-01-29 00:52:16,906 INFO Current Z-Score: +1.23 - ⏳ Waiting (1.0 < |Z| < 2.0)
2026-01-29 00:52:16,908 INFO ⏳ WAITING: Not at entry threshold yet
2026-01-29 00:52:20,101 INFO get_latest_zscore: fetching klines for LDO-USDT-SWAP and LQTY-USDT-SWAP
2026-01-29 00:52:20,484 INFO get_latest_zscore: fetching mid prices for LDO-USDT-SWAP and LQTY-USDT-SWAP
2026-01-29 00:52:20,805 INFO --- Cycle 47 | LDO-USDT-SWAP/LQTY-USDT-SWAP | Uptime: 3m 8s | 🟢 PnL: +0.00 USDT (+0.00%) | Equity: 2824.77 USDT | 🟢 Session: +0.00 USDT (+0.00%) ---
2026-01-29 00:52:20,806 INFO Current Z-Score: +1.45 - ⏳ Waiting (1.0 < |Z| < 2.0)
2026-01-29 00:52:20,808 INFO ⏳ WAITING: Not at entry threshold yet
2026-01-29 00:52:24,018 INFO get_latest_zscore: fetching klines for LDO-USDT-SWAP and LQTY-USDT-SWAP
2026-01-29 00:52:24,395 INFO get_latest_zscore: fetching mid prices for LDO-USDT-SWAP and LQTY-USDT-SWAP
2026-01-29 00:52:24,705 INFO --- Cycle 48 | LDO-USDT-SWAP/LQTY-USDT-SWAP | Uptime: 3m 12s | 🟢 PnL: +0.00 USDT (+0.00%) | Equity: 2824.77 USDT | 🟢 Session: +0.00 USDT (+0.00%) ---
2026-01-29 00:52:24,705 INFO --- Trading Status Update ---
2026-01-29 00:52:24,705 INFO Uptime: 3m 12s
2026-01-29 00:52:24,705 INFO Time in pair: 3.1 min
2026-01-29 00:52:24,705 INFO Signals seen: 0 | Trades: 0
2026-01-29 00:52:24,706 INFO Current Z-Score: +1.79 - ⏳ Waiting (1.0 < |Z| < 2.0)
2026-01-29 00:52:24,709 INFO ⏳ WAITING: Not at entry threshold yet
2026-01-29 00:52:27,901 INFO get_latest_zscore: fetching klines for LDO-USDT-SWAP and LQTY-USDT-SWAP
2026-01-29 00:52:28,275 INFO get_latest_zscore: fetching mid prices for LDO-USDT-SWAP and LQTY-USDT-SWAP
2026-01-29 00:52:28,600 INFO --- Cycle 49 | LDO-USDT-SWAP/LQTY-USDT-SWAP | Uptime: 3m 16s | 🟢 PnL: +0.00 USDT (+0.00%) | Equity: 2824.77 USDT | 🟢 Session: +0.00 USDT (+0.00%) ---
2026-01-29 00:52:28,601 INFO Current Z-Score: +1.79 - ⏳ Waiting (1.0 < |Z| < 2.0)
2026-01-29 00:52:28,603 INFO ⏳ WAITING: Not at entry threshold yet
2026-01-29 00:52:31,800 INFO get_latest_zscore: fetching klines for LDO-USDT-SWAP and LQTY-USDT-SWAP
2026-01-29 00:52:32,178 INFO get_latest_zscore: fetching mid prices for LDO-USDT-SWAP and LQTY-USDT-SWAP
2026-01-29 00:52:32,508 INFO --- Cycle 50 | LDO-USDT-SWAP/LQTY-USDT-SWAP | Uptime: 3m 20s | 🟢 PnL: +0.00 USDT (+0.00%) | Equity: 2824.77 USDT | 🟢 Session: +0.00 USDT (+0.00%) ---
2026-01-29 00:52:32,509 INFO Current Z-Score: +1.71 - ⏳ Waiting (1.0 < |Z| < 2.0)
2026-01-29 00:52:32,511 INFO ⏳ WAITING: Not at entry threshold yet
2026-01-29 00:52:35,706 INFO get_latest_zscore: fetching klines for LDO-USDT-SWAP and LQTY-USDT-SWAP
2026-01-29 00:52:36,083 INFO get_latest_zscore: fetching mid prices for LDO-USDT-SWAP and LQTY-USDT-SWAP
2026-01-29 00:52:36,399 INFO --- Cycle 51 | LDO-USDT-SWAP/LQTY-USDT-SWAP | Uptime: 3m 24s | 🟢 PnL: +0.00 USDT (+0.00%) | Equity: 2824.77 USDT | 🟢 Session: +0.00 USDT (+0.00%) ---
2026-01-29 00:52:36,400 INFO Current Z-Score: +1.43 - ⏳ Waiting (1.0 < |Z| < 2.0)
2026-01-29 00:52:36,401 INFO ⏳ WAITING: Not at entry threshold yet
2026-01-29 00:52:39,595 INFO get_latest_zscore: fetching klines for LDO-USDT-SWAP and LQTY-USDT-SWAP
2026-01-29 00:52:39,982 INFO get_latest_zscore: fetching mid prices for LDO-USDT-SWAP and LQTY-USDT-SWAP
2026-01-29 00:52:40,300 INFO --- Cycle 52 | LDO-USDT-SWAP/LQTY-USDT-SWAP | Uptime: 3m 28s | 🟢 PnL: +0.00 USDT (+0.00%) | Equity: 2824.77 USDT | 🟢 Session: +0.00 USDT (+0.00%) ---
2026-01-29 00:52:40,301 INFO Current Z-Score: -2.21 - 🎯 TRADEABLE (|Z| > 2.0)
2026-01-29 00:52:40,303 INFO ⏳ WAITING: Z-score extreme (-2.21) but not persistent yet
2026-01-29 00:52:43,505 INFO get_latest_zscore: fetching klines for LDO-USDT-SWAP and LQTY-USDT-SWAP
2026-01-29 00:52:43,887 INFO get_latest_zscore: fetching mid prices for LDO-USDT-SWAP and LQTY-USDT-SWAP
2026-01-29 00:52:44,199 INFO --- Cycle 53 | LDO-USDT-SWAP/LQTY-USDT-SWAP | Uptime: 3m 32s | 🟢 PnL: +0.00 USDT (+0.00%) | Equity: 2824.77 USDT | 🟢 Session: +0.00 USDT (+0.00%) ---
2026-01-29 00:52:44,199 INFO Current Z-Score: -0.28 - 😴 Very quiet (|Z| < 1.0)
2026-01-29 00:52:44,202 INFO ⏳ WAITING: Not at entry threshold yet
2026-01-29 00:52:47,401 INFO get_latest_zscore: fetching klines for LDO-USDT-SWAP and LQTY-USDT-SWAP
2026-01-29 00:52:47,779 INFO get_latest_zscore: fetching mid prices for LDO-USDT-SWAP and LQTY-USDT-SWAP
2026-01-29 00:52:48,103 INFO --- Cycle 54 | LDO-USDT-SWAP/LQTY-USDT-SWAP | Uptime: 3m 36s | 🟢 PnL: +0.00 USDT (+0.00%) | Equity: 2824.77 USDT | 🟢 Session: +0.00 USDT (+0.00%) ---
2026-01-29 00:52:48,104 INFO Current Z-Score: -0.10 - 😴 Very quiet (|Z| < 1.0)
2026-01-29 00:52:48,106 INFO ⏳ WAITING: Not at entry threshold yet
2026-01-29 00:52:51,296 INFO get_latest_zscore: fetching klines for LDO-USDT-SWAP and LQTY-USDT-SWAP
2026-01-29 00:52:51,671 INFO get_latest_zscore: fetching mid prices for LDO-USDT-SWAP and LQTY-USDT-SWAP
2026-01-29 00:52:52,003 INFO --- Cycle 55 | LDO-USDT-SWAP/LQTY-USDT-SWAP | Uptime: 3m 40s | 🟢 PnL: +0.00 USDT (+0.00%) | Equity: 2824.77 USDT | 🟢 Session: +0.00 USDT (+0.00%) ---
2026-01-29 00:52:52,003 INFO Current Z-Score: +0.19 - 😴 Very quiet (|Z| < 1.0)
2026-01-29 00:52:52,006 INFO ⏳ WAITING: Not at entry threshold yet
2026-01-29 00:52:55,195 INFO get_latest_zscore: fetching klines for LDO-USDT-SWAP and LQTY-USDT-SWAP
2026-01-29 00:52:55,568 INFO get_latest_zscore: fetching mid prices for LDO-USDT-SWAP and LQTY-USDT-SWAP
2026-01-29 00:52:55,895 INFO --- Cycle 56 | LDO-USDT-SWAP/LQTY-USDT-SWAP | Uptime: 3m 43s | 🟢 PnL: +0.00 USDT (+0.00%) | Equity: 2824.77 USDT | 🟢 Session: +0.00 USDT (+0.00%) ---
2026-01-29 00:52:55,895 INFO Current Z-Score: -1.16 - ⏳ Waiting (1.0 < |Z| < 2.0)
2026-01-29 00:52:55,895 INFO ⏳ WAITING: Not at entry threshold yet
